<?xml version="1.0" encoding="utf-8"?><testsuites name="pytest tests"><testsuite name="pytest" errors="0" failures="0" skipped="0" tests="21" time="8.509" timestamp="2026-03-04T14:35:28.321645+00:00" hostname="agent-env-0802265b-7719-46f6-8583-66938b529c46"><testcase classname="tests.test_gummytext_api.TestHealthAndRoot" name="test_api_root" time="0.158" /><testcase classname="tests.test_gummytext_api.TestHealthAndRoot" name="test_health_check" time="0.122" /><testcase classname="tests.test_gummytext_api.TestAuthentication" name="test_login_success" time="0.353" /><testcase classname="tests.test_gummytext_api.TestAuthentication" name="test_login_invalid_credentials" time="0.118" /><testcase classname="tests.test_gummytext_api.TestAuthentication" name="test_get_current_user" time="0.466" /><testcase classname="tests.test_gummytext_api.TestAuthentication" name="test_logout" time="0.486" /><testcase classname="tests.test_gummytext_api.TestPinLock" name="test_pin_status" time="0.477" /><testcase classname="tests.test_gummytext_api.TestTwilioWebhooks" name="test_sms_webhook_endpoint" time="0.118" /><testcase classname="tests.test_gummytext_api.TestTwilioWebhooks" name="test_voice_webhook_endpoint" time="0.144" /><testcase classname="tests.test_gummytext_api.TestTwilioWebhooks" name="test_transcription_webhook_endpoint" time="0.153" /><testcase classname="tests.test_gummytext_api.TestTwilioWebhooks" name="test_status_webhook_endpoint" time="0.113" /><testcase classname="tests.test_gummytext_api.TestPhoneNumbers" name="test_get_user_phone_numbers" time="0.480" /><testcase classname="tests.test_gummytext_api.TestPhoneNumbers" name="test_get_twilio_account_numbers" time="0.747" /><testcase classname="tests.test_gummytext_api.TestPhoneNumbers" name="test_get_nearby_numbers" time="1.275" /><testcase classname="tests.test_gummytext_api.TestMessaging" name="test_get_conversations" time="0.513" /><testcase classname="tests.test_gummytext_api.TestMessaging" name="test_get_messages" time="0.426" /><testcase classname="tests.test_gummytext_api.TestMessaging" name="test_message_reaction_endpoint" time="0.476" /><testcase classname="tests.test_gummytext_api.TestCalls" name="test_get_call_history" time="0.477" /><testcase classname="tests.test_gummytext_api.TestVoicemail" name="test_get_voicemails" time="0.465" /><testcase classname="tests.test_gummytext_api.TestPayments" name="test_get_credit_packages" time="0.439" /><testcase classname="tests.test_gummytext_api.TestPayments" name="test_get_subscription_plans" time="0.427" /></testsuite></testsuites>